Reset database dimulai pada: 2025-04-12T13:03:09.712Z
Mode reset: Preserve Master Data
Backup sebelum reset dibuat: pre-reset-backup-2025-04-12T13-03-09-712Z.backup
Menggunakan mode reset dengan mempertahankan data master
Backup User: 5 records
Backup Kategori: 13 records
Backup Produk: 25 records
Menjalankan: psql -U postgres -h localhost -p 5432 -d postgres -c "SELECT pg_terminate_backend(pg_stat_activity.pid) FROM pg_stat_activity WHERE pg_stat_activity.datname = 'db-cashier' AND pid <> pg_backend_pid();"
Menjalankan: psql -U postgres -h localhost -p 5432 -d db-cashier -c "
          -- Matikan foreign key constraints sementara
          SET session_replication_role = 'replica';
          
          -- Reset tabel transaksi (hapus semua data)
          TRUNCATE TABLE "DetailRefund" CASCADE;
          TRUNCATE TABLE "DetailPenjualan" CASCADE;
          TRUNCATE TABLE "PromotionProduct" CASCADE;
          TRUNCATE TABLE "Promotion" CASCADE;
          TRUNCATE TABLE "Refund" CASCADE;
          TRUNCATE TABLE "Penjualan" CASCADE;
          TRUNCATE TABLE "Guest" CASCADE;
          TRUNCATE TABLE "Pelanggan" CASCADE;
          
          -- Aktifkan kembali foreign key constraints
          SET session_replication_role = 'origin';
        "
Reset database selesai pada: 2025-04-12T13:03:10.546Z
