Reset database dimulai pada: 2025-04-12T13:13:10.915Z
Mode reset: Preserve Master Data
Backup sebelum reset dibuat: pre-reset-backup-2025-04-12T13-13-10-915Z.backup
Menggunakan mode reset dengan mempertahankan data master
Backup data master berhasil menggunakan SQL
Data yang akan dihapus:

Semua koneksi database diputus
Reset data berhasil, hasil:
SET
DELETE 6
DELETE 147
DELETE 6
DELETE 6
DELETE 6
DELETE 75
DELETE 57
DELETE 9
ALTER SEQUENCE
ALTER SEQUENCE
ALTER SEQUENCE
ALTER SEQUENCE
ALTER SEQUENCE
ALTER SEQUENCE
ALTER SEQUENCE
ALTER SEQUENCE
SET
                   ?column?                    
-----------------------------------------------
 Setelah reset: 0 Penjualan, 0 DetailPenjualan
(1 row)


Verifikasi hasil reset:

Reset database selesai pada: 2025-04-12T13:13:12.136Z
